<?xml version="1.0" encoding="UTF-8"?>
<!-- Generated by org.testng.reporters.JUnitXMLReporter -->
<testsuite hostname="DESKTOP-PEJRVTF" name="Test" tests="7" failures="0" timestamp="20 Feb 2021 04:47:17 GMT" time="100.163" errors="0">
  <testcase name="loginDetails" time="7.094" classname="com.nopcommerce.testCases.TC_testLogin_001"/>
  <testcase name="testNopcomCustomer" time="30.543" classname="com.nopcommerce.testCases.TC_addCustomer_003"/>
  <testcase name="testDataDriven" time="10.929" classname="com.nopcommerce.testCases.TC_DataDriven_Test_002"/>
  <testcase name="testDataDriven" time="3.878" classname="com.nopcommerce.testCases.TC_DataDriven_Test_002"/>
  <testcase name="testDataDriven" time="3.926" classname="com.nopcommerce.testCases.TC_DataDriven_Test_002"/>
  <testcase name="testDataDriven" time="4.441" classname="com.nopcommerce.testCases.TC_DataDriven_Test_002"/>
  <testcase name="searchCustomer" time="25.738" classname="com.nopcommerce.testCases.TC_SearchCustomer_004"/>
</testsuite> <!-- Test -->
